DEB [20240405-14:58:39.046] thr=1   paramiko.transport: starting thread (client mode): 0x82409160
DEB [20240405-14:58:39.050] thr=1   paramiko.transport: Local version/idstring: SSH-2.0-paramiko_3.4.0
DEB [20240405-14:58:39.057] thr=1   paramiko.transport: Remote version/idstring: SSH-2.0-OpenSSH_8.9p1 Ubuntu-3ubuntu0.6
INF [20240405-14:58:39.058] thr=1   paramiko.transport: Connected (version 2.0, client OpenSSH_8.9p1)
DEB [20240405-14:58:39.081] thr=1   paramiko.transport: === Key exchange possibilities ===
DEB [20240405-14:58:39.082] thr=1   paramiko.transport: kex algos: curve25519-sha256, curve25519-sha256@libssh.org, ecdh-sha2-nistp256, ecdh-sha2-nistp384, ecdh-sha2-nistp521, sntrup761x25519-sha512@openssh.com, diffie-hellman-group-exchange-sha256, diffie-hellman-group16-sha512, diffie-hellman-group18-sha512, diffie-hellman-group14-sha256, kex-strict-s-v00@openssh.com
DEB [20240405-14:58:39.082] thr=1   paramiko.transport: server key: rsa-sha2-512, rsa-sha2-256, ecdsa-sha2-nistp256, ssh-ed25519
DEB [20240405-14:58:39.083] thr=1   paramiko.transport: client encrypt: chacha20-poly1305@openssh.com, aes128-ctr, aes192-ctr, aes256-ctr, aes128-gcm@openssh.com, aes256-gcm@openssh.com
DEB [20240405-14:58:39.085] thr=1   paramiko.transport: server encrypt: chacha20-poly1305@openssh.com, aes128-ctr, aes192-ctr, aes256-ctr, aes128-gcm@openssh.com, aes256-gcm@openssh.com
DEB [20240405-14:58:39.086] thr=1   paramiko.transport: client mac: umac-64-etm@openssh.com, umac-128-etm@openssh.com, hmac-sha2-256-etm@openssh.com, hmac-sha2-512-etm@openssh.com, hmac-sha1-etm@openssh.com, umac-64@openssh.com, umac-128@openssh.com, hmac-sha2-256, hmac-sha2-512, hmac-sha1
DEB [20240405-14:58:39.087] thr=1   paramiko.transport: server mac: umac-64-etm@openssh.com, umac-128-etm@openssh.com, hmac-sha2-256-etm@openssh.com, hmac-sha2-512-etm@openssh.com, hmac-sha1-etm@openssh.com, umac-64@openssh.com, umac-128@openssh.com, hmac-sha2-256, hmac-sha2-512, hmac-sha1
DEB [20240405-14:58:39.087] thr=1   paramiko.transport: client compress: none, zlib@openssh.com
DEB [20240405-14:58:39.088] thr=1   paramiko.transport: server compress: none, zlib@openssh.com
DEB [20240405-14:58:39.089] thr=1   paramiko.transport: client lang: <none>
DEB [20240405-14:58:39.089] thr=1   paramiko.transport: server lang: <none>
DEB [20240405-14:58:39.090] thr=1   paramiko.transport: kex follows: False
DEB [20240405-14:58:39.091] thr=1   paramiko.transport: === Key exchange agreements ===
DEB [20240405-14:58:39.091] thr=1   paramiko.transport: Strict kex mode: True
DEB [20240405-14:58:39.092] thr=1   paramiko.transport: Kex: curve25519-sha256@libssh.org
DEB [20240405-14:58:39.093] thr=1   paramiko.transport: HostKey: ecdsa-sha2-nistp256
DEB [20240405-14:58:39.094] thr=1   paramiko.transport: Cipher: aes128-ctr
DEB [20240405-14:58:39.095] thr=1   paramiko.transport: MAC: hmac-sha2-256
DEB [20240405-14:58:39.096] thr=1   paramiko.transport: Compression: none
DEB [20240405-14:58:39.097] thr=1   paramiko.transport: === End of kex handshake ===
DEB [20240405-14:58:39.181] thr=1   paramiko.transport: Resetting outbound seqno after NEWKEYS due to strict mode
DEB [20240405-14:58:39.182] thr=1   paramiko.transport: kex engine KexCurve25519 specified hash_algo <built-in function openssl_sha256>
DEB [20240405-14:58:39.185] thr=1   paramiko.transport: Switch to new keys ...
DEB [20240405-14:58:39.187] thr=1   paramiko.transport: Resetting inbound seqno after NEWKEYS due to strict mode
DEB [20240405-14:58:39.195] thr=1   paramiko.transport: Got EXT_INFO: {'server-sig-algs': b'ssh-ed25519,sk-ssh-ed25519@openssh.com,ssh-rsa,rsa-sha2-256,rsa-sha2-512,ssh-dss,ecdsa-sha2-nistp256,ecdsa-sha2-nistp384,ecdsa-sha2-nistp521,sk-ecdsa-sha2-nistp256@openssh.com,webauthn-sk-ecdsa-sha2-nistp256@openssh.com', 'publickey-hostbound@openssh.com': b'0'}
DEB [20240405-14:58:39.201] thr=2   paramiko.transport: Trying SSH key b'006b3a3d8888acdf02cc8ea7fcba2707'
DEB [20240405-14:58:39.270] thr=1   paramiko.transport: userauth is OK
INF [20240405-14:58:39.312] thr=1   paramiko.transport: Authentication (publickey) successful!
DEB [20240405-14:58:39.672] thr=1   paramiko.transport: Received global request "hostkeys-00@openssh.com"
DEB [20240405-14:58:39.674] thr=1   paramiko.transport: Rejecting "hostkeys-00@openssh.com" global request from server.
DEB [20240405-14:58:39.677] thr=1   paramiko.transport: Debug msg: b'/home/ubuntu/.ssh/authorized_keys:1: key options: agent-forwarding port-forwarding pty user-rc x11-forwarding'
DEB [20240405-14:58:41.942] thr=2   paramiko.transport: [chan 0] Max packet in: 32768 bytes
DEB [20240405-14:58:41.974] thr=1   paramiko.transport: [chan 0] Max packet out: 32768 bytes
DEB [20240405-14:58:41.975] thr=1   paramiko.transport: Secsh channel 0 opened.
DEB [20240405-14:58:42.005] thr=1   paramiko.transport: [chan 0] Sesch channel 0 request ok
INF [20240405-14:58:42.038] thr=2   paramiko.transport.sftp: [chan 0] Opened sftp connection (server version 3)
DEB [20240405-14:58:42.982] thr=2   paramiko.transport.sftp: [chan 0] stat(b'/home/backup/')
DEB [20240405-14:58:43.016] thr=2   paramiko.transport.sftp: [chan 0] normalize(b'/home/backup/')
